<?xml version="1.0" encoding="UTF-8"?>
<!-- Generated by org.testng.reporters.JUnitXMLReporter -->
<testsuite hostname="LSTKAG230469" ignored="0" name="Test" tests="3" failures="0" timestamp="09 Dec 2019 02:54:28 GMT" time="11.309" errors="0">
  <testcase name="testCase1" time="0.962" classname="demoProject1.test.Suite1"/>
  <testcase name="testCase2" time="2.618" classname="demoProject1.test.Suite1"/>
  <testcase name="testCase3" time="1.196" classname="demoProject1.test.Suite1"/>
</testsuite> <!-- Test -->
