<?xml version="1.0" encoding="UTF-8"?>
<testsuite xmlns:xsi="http://www.w3.org/2001/XMLSchema-instance" xsi:schemaLocation="https://maven.apache.org/surefire/maven-surefire-plugin/xsd/surefire-test-report.xsd" name="TestSuite" time="12.015" tests="3" errors="0" skipped="0" failures="0">
  <properties>
[...]
</properties>
  <testcase name="testCase1" classname="demoProject1.test.Suite1" time="0.963"/>
  <testcase name="testCase2" classname="demoProject1.test.Suite1" time="2.617"/>
  <testcase name="testCase3" classname="demoProject1.test.Suite1" time="1.196"/>
</testsuite>