<?xml version="1.0" encoding="UTF-8"?>
<testng-results skipped="0" failed="0" ignored="0" total="3" passed="3">
  <reporter-output>
  </reporter-output>
  <suite name="Suite" duration-ms="13453" started-at="2019-12-09T05:09:29Z" finished-at="2019-12-09T05:09:42Z">
    <groups>
    </groups>
    <test name="Test" duration-ms="13453" started-at="2019-12-09T05:09:29Z" finished-at="2019-12-09T05:09:42Z">
      <class name="demoProject1.test.Suite1">
        <test-method status="PASS" signature="launchDriver()[pri:0, instance:demoProject1.test.Suite1@6bf256fa]" name="launchDriver" is-config="true" duration-ms="7325" started-at="2019-12-09T05:09:29Z" finished-at="2019-12-09T05:09:36Z">
          <reporter-output>
          </reporter-output>
        </test-method> <!-- launchDriver -->
        <test-method status="PASS" signature="testCase1()[pri:0, instance:demoProject1.test.Suite1@6bf256fa]" name="testCase1" duration-ms="1209" started-at="2019-12-09T05:09:36Z" finished-at="2019-12-09T05:09:37Z">
          <reporter-output>
          </reporter-output>
        </test-method> <!-- testCase1 -->
        <test-method status="PASS" signature="testCase2()[pri:0, instance:demoProject1.test.Suite1@6bf256fa]" name="testCase2" duration-ms="2800" started-at="2019-12-09T05:09:37Z" finished-at="2019-12-09T05:09:40Z">
          <reporter-output>
          </reporter-output>
        </test-method> <!-- testCase2 -->
        <test-method status="PASS" signature="testCase3()[pri:0, instance:demoProject1.test.Suite1@6bf256fa]" name="testCase3" duration-ms="1443" started-at="2019-12-09T05:09:40Z" finished-at="2019-12-09T05:09:41Z">
          <reporter-output>
          </reporter-output>
        </test-method> <!-- testCase3 -->
        <test-method status="PASS" signature="quit()[pri:0, instance:demoProject1.test.Suite1@6bf256fa]" name="quit" is-config="true" duration-ms="644" started-at="2019-12-09T05:09:41Z" finished-at="2019-12-09T05:09:42Z">
          <reporter-output>
          </reporter-output>
        </test-method> <!-- quit -->
      </class> <!-- demoProject1.test.Suite1 -->
    </test> <!-- Test -->
  </suite> <!-- Suite -->
</testng-results>
