<?xml version="1.0" encoding="UTF-8"?>
<testsuite xmlns:xsi="http://www.w3.org/2001/XMLSchema-instance" xsi:schemaLocation="https://maven.apache.org/surefire/maven-surefire-plugin/xsd/surefire-test-report.xsd" name="TestSuite" time="1.553" tests="7" errors="0" skipped="6" failures="1">
  <properties>
[...]
</properties>
  <testcase name="launchDriver" classname="demoProject1.test.Suite1" time="1.317">
    <failure message="Error forwarding the new session cannot find : Capabilities {browserName: chrome, platform: WIN10, version: }&#10;Command duration or timeout: 112 milliseconds" type="org.openqa.selenium.WebDriverException">org.openqa.selenium.WebDriverException: 
Error forwarding the new session cannot find : Capabilities {browserName: chrome, platform: WIN10, version: }
Command duration or timeout: 112 milliseconds
	at demoProject1.test.Suite1.launchDriver(Suite1.java:33)
Caused by: org.openqa.selenium.WebDriverException: 
Error forwarding the new session cannot find : Capabilities {browserName: chrome, platform: WIN10, version: }
Build info: version: '3.14.0', revision: 'aacccce0', time: '2018-08-02T20:19:58.91Z'
System info: host: 'LSTKAG230469', ip: '10.0.75.1', os.name: 'Windows 10', os.arch: 'amd64', os.version: '10.0', java.version: '1.8.0_221'
Driver info: driver.version: unknown
</failure>
    <system-err><![CDATA[Dec 10, 2019 3:05:58 PM org.openqa.selenium.remote.DesiredCapabilities chrome
INFO: Using `new ChromeOptions()` is preferred to `DesiredCapabilities.chrome()`
]]></system-err>
  </testcase>
  <testcase name="launchDriver" classname="demoProject1.test.Suite1" time="0">
    <skipped/>
  </testcase>
  <testcase name="launchDriver" classname="demoProject1.test.Suite1" time="0">
    <skipped/>
  </testcase>
  <testcase name="testCase1" classname="demoProject1.test.Suite1" time="0">
    <skipped message="Error forwarding the new session cannot find : Capabilities {browserName: chrome, platform: WIN10, version: }&#10;Command duration or timeout: 112 milliseconds"/>
  </testcase>
  <testcase name="testCase2" classname="demoProject1.test.Suite1" time="0">
    <skipped message="Error forwarding the new session cannot find : Capabilities {browserName: chrome, platform: WIN10, version: }&#10;Command duration or timeout: 112 milliseconds"/>
  </testcase>
  <testcase name="testCase3" classname="demoProject1.test.Suite1" time="0">
    <skipped message="Error forwarding the new session cannot find : Capabilities {browserName: chrome, platform: WIN10, version: }&#10;Command duration or timeout: 112 milliseconds"/>
  </testcase>
  <testcase name="quit" classname="demoProject1.test.Suite1" time="0">
    <skipped/>
  </testcase>
</testsuite>